Arguments: 
  /Users/robbie/.nvm/versions/node/v10.16.3/bin/node /usr/local/Cellar/yarn/1.19.0/libexec/bin/yarn.js add parcel-bundler picnicss snarkdown

PATH: 
  /Users/robbie/.nvm/versions/node/v10.16.3/bin:/usr/local/bin:/usr/bin:/bin:/usr/sbin:/sbin:/Users/robbie/.nvm/versions/node/v10.16.3/bin

Yarn version: 
  1.19.0

Node version: 
  10.16.3

Platform: 
  darwin x64

Trace: 
  Error: https://registry.yarnpkg.com/picnicss: Not found
      at Request.params.callback [as _callback] (/usr/local/Cellar/yarn/1.19.0/libexec/lib/cli.js:66918:18)
      at Request.self.callback (/usr/local/Cellar/yarn/1.19.0/libexec/lib/cli.js:140539:22)
      at Request.emit (events.js:198:13)
      at Request.<anonymous> (/usr/local/Cellar/yarn/1.19.0/libexec/lib/cli.js:141511:10)
      at Request.emit (events.js:198:13)
      at IncomingMessage.<anonymous> (/usr/local/Cellar/yarn/1.19.0/libexec/lib/cli.js:141433:12)
      at Object.onceWrapper (events.js:286:20)
      at IncomingMessage.emit (events.js:203:15)
      at endReadableNT (_stream_readable.js:1145:12)
      at process._tickCallback (internal/process/next_tick.js:63:19)

npm manifest: 
  {
    "name": "robbie.antenesse.net",
    "version": "1.0.0",
    "description": "Robbie's new portfolio site",
    "main": "index.html",
    "repository": "https://github.com/Alamantus/robbie.antenesse.net.git",
    "author": "Robbie Antenesse <dev@alamantus.com>",
    "license": "MIT"
  }

yarn manifest: 
  No manifest

Lockfile: 
  No lockfile
